<?xml version="1.0" encoding="UTF-8"?>
<testng-results ignored="0" total="2" passed="2" failed="0" skipped="0">
  <reporter-output>
  </reporter-output>
  <suite started-at="2024-07-12T19:28:11Z" name="Default suite" finished-at="2024-07-12T19:28:48Z" duration-ms="37079">
    <groups>
    </groups>
    <test started-at="2024-07-12T19:28:11Z" name="Default test" finished-at="2024-07-12T19:28:48Z" duration-ms="37079">
      <class name="com.Shopee.TestRunnerShopee">
        <test-method signature="getURL()[pri:-1, instance:com.Shopee.TestRunnerShopee@57576994]" started-at="2024-07-13T00:58:11Z" name="getURL" finished-at="2024-07-13T00:58:26Z" duration-ms="14906" status="PASS">
          <reporter-output>
          </reporter-output>
        </test-method> <!-- getURL -->
        <test-method signature="selectCountry()[pri:1, instance:com.Shopee.TestRunnerShopee@57576994]" started-at="2024-07-13T00:58:26Z" name="selectCountry" finished-at="2024-07-13T00:58:48Z" duration-ms="22065" status="PASS">
          <reporter-output>
          </reporter-output>
        </test-method> <!-- selectCountry -->
      </class> <!-- com.Shopee.TestRunnerShopee -->
    </test> <!-- Default test -->
  </suite> <!-- Default suite -->
</testng-results>
